mode: set
denis-souzaa/design-patterns-go/chain_of_responsability/calculate_ride.go:12.39,14.31 2 1
denis-souzaa/design-patterns-go/chain_of_responsability/calculate_ride.go:14.31,15.36 1 1
denis-souzaa/design-patterns-go/chain_of_responsability/calculate_ride.go:15.36,16.49 1 1
denis-souzaa/design-patterns-go/chain_of_responsability/calculate_ride.go:16.49,17.30 1 1
denis-souzaa/design-patterns-go/chain_of_responsability/calculate_ride.go:17.30,19.6 1 1
denis-souzaa/design-patterns-go/chain_of_responsability/calculate_ride.go:19.11,21.6 1 1
denis-souzaa/design-patterns-go/chain_of_responsability/calculate_ride.go:22.10,23.30 1 1
denis-souzaa/design-patterns-go/chain_of_responsability/calculate_ride.go:23.30,25.6 1 1
denis-souzaa/design-patterns-go/chain_of_responsability/calculate_ride.go:25.11,27.6 1 1
denis-souzaa/design-patterns-go/chain_of_responsability/calculate_ride.go:29.9,31.4 1 1
denis-souzaa/design-patterns-go/chain_of_responsability/calculate_ride.go:33.2,33.17 1 1
denis-souzaa/design-patterns-go/chain_of_responsability/calculate_ride.go:33.17,35.3 1 1
denis-souzaa/design-patterns-go/chain_of_responsability/calculate_ride.go:36.2,36.15 1 1
